<?xml version="1.0" encoding="UTF-8"?>
<testsuite name="com.gitai.commit.GitDiffReaderTest" tests="2" skipped="0" failures="0" errors="0" timestamp="2026-08-14T01:06:03.069Z" hostname="bogon" time="0.192">
  <properties/>
  <testcase name="prefersStagedDiffWhenAvailable" classname="com.gitai.commit.GitDiffReaderTest" time="0.081"/>
  <testcase name="usesWorkspaceDiffWhenNothingIsStaged" classname="com.gitai.commit.GitDiffReaderTest" time="0.111"/>
  <system-out><![CDATA[]]></system-out>
  <system-err><![CDATA[]]></system-err>
</testsuite>
